This file contains any messages produced by compilers while
running configure, to aid debugging if configure makes a mistake.

It was created by sndfile-tools configure 1.03, which was
generated by GNU Autoconf 2.64.  Invocation command line was

  $ ./configure 

## --------- ##
## Platform. ##
## --------- ##

hostname = cs293
uname -m = i686
uname -r = 2.6.32-33-generic
uname -s = Linux
uname -v = #72-Ubuntu SMP Fri Jul 29 21:08:37 UTC 2011

/usr/bin/uname -p = unknown
/bin/uname -X     = unknown

/bin/arch              = unknown
/usr/bin/arch -k       = unknown
/usr/convex/getsysinfo = unknown
/usr/bin/hostinfo      = unknown
/bin/machine           = unknown
/usr/bin/oslevel       = unknown
/bin/universe          = unknown

PATH: /usr/local/sbin
PATH: /usr/local/bin
PATH: /usr/sbin
PATH: /usr/bin
PATH: /sbin
PATH: /bin
PATH: /usr/games
PATH: /usr/local/ns-allinone-2.35/bin
PATH: /usr/local/ns-allinone-2.35/tcl8.5.10/unix
PATH: /usr/local/ns-allinone-2.35/tk8.5.10/unix


## ----------- ##
## Core tests. ##
## ----------- ##

configure:2296: checking build system type
configure:2310: result: i686-pc-linux-gnu
configure:2330: checking host system type
configure:2343: result: i686-pc-linux-gnu
configure:2363: checking target system type
configure:2376: result: i686-pc-linux-gnu
configure:2419: checking for a BSD-compatible install
configure:2487: result: /usr/bin/install -c
configure:2498: checking whether build environment is sane
configure:2548: result: yes
configure:2689: checking for a thread-safe mkdir -p
configure:2728: result: /bin/mkdir -p
configure:2741: checking for gawk
configure:2757: found /usr/bin/gawk
configure:2768: result: gawk
configure:2779: checking whether make sets $(MAKE)
configure:2801: result: yes
configure:2944: checking for gcc
configure:2960: found /usr/bin/gcc
configure:2971: result: gcc
configure:3200: checking for C compiler version
configure:3209: gcc --version >&5
gcc (Ubuntu/Linaro 4.6.2-10ubuntu1~10.04.2) 4.6.2
Copyright (C) 2011 Free Software Foundation, Inc.
This is free software; see the source for copying conditions.  There is NO
warranty; not even for MERCHANTABILITY or FITNESS FOR A PARTICULAR PURPOSE.

configure:3220: $? = 0
configure:3209: gcc -v >&5
Using built-in specs.
COLLECT_GCC=gcc
COLLECT_LTO_WRAPPER=/usr/lib/gcc/i486-linux-gnu/4.6/lto-wrapper
Target: i486-linux-gnu
Configured with: ../src/configure -v --with-pkgversion='Ubuntu/Linaro 4.6.2-10ubuntu1~10.04.2' --with-bugurl=file:///usr/share/doc/gcc-4.6/README.Bugs --enable-languages=c,c++,fortran,objc,obj-c++,go --prefix=/usr --program-suffix=-4.6 --enable-shared --enable-linker-build-id --with-system-zlib --libexecdir=/usr/lib --without-included-gettext --enable-threads=posix --with-gxx-include-dir=/usr/include/c++/4.6 --libdir=/usr/lib --enable-nls --enable-clocale=gnu --enable-libstdcxx-debug --enable-libstdcxx-time=yes --enable-plugin --enable-objc-gc --enable-targets=all --disable-werror --with-arch-32=i586 --with-tune=generic --enable-checking=release --build=i486-linux-gnu --host=i486-linux-gnu --target=i486-linux-gnu
Thread model: posix
gcc version 4.6.2 (Ubuntu/Linaro 4.6.2-10ubuntu1~10.04.2) 
configure:3220: $? = 0
configure:3209: gcc -V >&5
gcc: error: unrecognized option '-V'
gcc: fatal error: no input files
compilation terminated.
configure:3220: $? = 4
configure:3209: gcc -qversion >&5
gcc: error: unrecognized option '-qversion'
gcc: fatal error: no input files
compilation terminated.
configure:3220: $? = 4
configure:3242: checking for C compiler default output file name
configure:3264: gcc    conftest.c  >&5
configure:3268: $? = 0
configure:3305: result: a.out
configure:3321: checking whether the C compiler works
configure:3330: ./a.out
configure:3334: $? = 0
configure:3349: result: yes
configure:3356: checking whether we are cross compiling
configure:3358: result: no
configure:3361: checking for suffix of executables
configure:3368: gcc -o conftest    conftest.c  >&5
configure:3372: $? = 0
configure:3394: result: 
configure:3400: checking for suffix of object files
configure:3422: gcc -c   conftest.c >&5
configure:3426: $? = 0
configure:3447: result: o
configure:3451: checking whether we are using the GNU C compiler
configure:3470: gcc -c   conftest.c >&5
configure:3470: $? = 0
configure:3479: result: yes
configure:3488: checking whether gcc accepts -g
configure:3508: gcc -c -g  conftest.c >&5
configure:3508: $? = 0
configure:3549: result: yes
configure:3566: checking for gcc option to accept ISO C89
configure:3630: gcc  -c -g -O2  conftest.c >&5
configure:3630: $? = 0
configure:3643: result: none needed
configure:3674: checking for style of include used by make
configure:3702: result: GNU
configure:3727: checking dependency style of gcc
configure:3837: result: gcc3
configure:3853: checking whether gcc and cc understand -c and -o together
configure:3884: gcc -c conftest.c -o conftest2.o >&5
configure:3888: $? = 0
configure:3894: gcc -c conftest.c -o conftest2.o >&5
configure:3898: $? = 0
configure:3909: cc -c conftest.c >&5
configure:3913: $? = 0
configure:3921: cc -c conftest.c -o conftest2.o >&5
configure:3925: $? = 0
configure:3931: cc -c conftest.c -o conftest2.o >&5
configure:3935: $? = 0
configure:3953: result: yes
configure:3982: checking whether make sets $(MAKE)
configure:4004: result: yes
configure:4013: checking whether ln -s works
configure:4017: result: yes
configure:4049: checking for a sed that does not truncate output
configure:4113: result: /bin/sed
configure:4131: checking for grep that handles long lines and -e
configure:4189: result: /bin/grep
configure:4194: checking for egrep
configure:4256: result: /bin/grep -E
configure:4261: checking for fgrep
configure:4323: result: /bin/grep -F
configure:4358: checking for ld used by gcc
configure:4425: result: /usr/bin/ld
configure:4432: checking if the linker (/usr/bin/ld) is GNU ld
configure:4447: result: yes
configure:4459: checking for BSD- or MS-compatible name lister (nm)
configure:4508: result: /usr/bin/nm -B
configure:4626: checking the name lister (/usr/bin/nm -B) interface
configure:4633: gcc -c -g -O2  conftest.c >&5
configure:4636: /usr/bin/nm -B "conftest.o"
configure:4639: output
00000000 B some_variable
configure:4646: result: BSD nm
configure:4650: checking the maximum length of command line arguments
configure:4770: result: 1572864
configure:4787: checking whether the shell understands some XSI constructs
configure:4797: result: yes
configure:4801: checking whether the shell understands "+="
configure:4807: result: yes
configure:4842: checking for /usr/bin/ld option to reload object files
configure:4849: result: -r
configure:4918: checking for objdump
configure:4934: found /usr/bin/objdump
configure:4945: result: objdump
configure:4977: checking how to recognize dependent libraries
configure:5173: result: pass_all
configure:5233: checking for ar
configure:5249: found /usr/bin/ar
configure:5260: result: ar
configure:5338: checking for strip
configure:5354: found /usr/bin/strip
configure:5365: result: strip
configure:5437: checking for ranlib
configure:5453: found /usr/bin/ranlib
configure:5464: result: ranlib
configure:5554: checking command to parse /usr/bin/nm -B output from gcc object
configure:5672: gcc -c -g -O2  conftest.c >&5
configure:5675: $? = 0
configure:5679: /usr/bin/nm -B conftest.o \| sed -n -e 's/^.*[	 ]\([ABCDGIRSTW][ABCDGIRSTW]*\)[	 ][	 ]*\([_A-Za-z][_A-Za-z0-9]*\)$/\1 \2 \2/p' \> conftest.nm
configure:5682: $? = 0
configure:5736: gcc -o conftest -g -O2   conftest.c conftstm.o >&5
configure:5739: $? = 0
configure:5777: result: ok
configure:6586: checking how to run the C preprocessor
configure:6617: gcc -E  conftest.c
configure:6617: $? = 0
configure:6631: gcc -E  conftest.c
conftest.c:11:28: fatal error: ac_nonexistent.h: No such file or directory
compilation terminated.
configure:6631: $? = 1
configure: failed program was:
| /* confdefs.h */
| #define PACKAGE_NAME "sndfile-tools"
| #define PACKAGE_TARNAME "sndfile-tools"
| #define PACKAGE_VERSION "1.03"
| #define PACKAGE_STRING "sndfile-tools 1.03"
| #define PACKAGE_BUGREPORT "erikd@mega-nerd.com"
| #define PACKAGE_URL ""
| #define PACKAGE "sndfile-tools"
| #define VERSION "1.03"
| /* end confdefs.h.  */
| #include <ac_nonexistent.h>
configure:6656: result: gcc -E
configure:6676: gcc -E  conftest.c
configure:6676: $? = 0
configure:6690: gcc -E  conftest.c
conftest.c:11:28: fatal error: ac_nonexistent.h: No such file or directory
compilation terminated.
configure:6690: $? = 1
configure: failed program was:
| /* confdefs.h */
| #define PACKAGE_NAME "sndfile-tools"
| #define PACKAGE_TARNAME "sndfile-tools"
| #define PACKAGE_VERSION "1.03"
| #define PACKAGE_STRING "sndfile-tools 1.03"
| #define PACKAGE_BUGREPORT "erikd@mega-nerd.com"
| #define PACKAGE_URL ""
| #define PACKAGE "sndfile-tools"
| #define VERSION "1.03"
| /* end confdefs.h.  */
| #include <ac_nonexistent.h>
configure:6719: checking for ANSI C header files
configure:6739: gcc -c -g -O2  conftest.c >&5
configure:6739: $? = 0
configure:6812: gcc -o conftest -g -O2   conftest.c  >&5
configure:6812: $? = 0
configure:6812: ./conftest
configure:6812: $? = 0
configure:6823: result: yes
configure:6836: checking for sys/types.h
configure:6836: gcc -c -g -O2  conftest.c >&5
configure:6836: $? = 0
configure:6836: result: yes
configure:6836: checking for sys/stat.h
configure:6836: gcc -c -g -O2  conftest.c >&5
configure:6836: $? = 0
configure:6836: result: yes
configure:6836: checking for stdlib.h
configure:6836: gcc -c -g -O2  conftest.c >&5
configure:6836: $? = 0
configure:6836: result: yes
configure:6836: checking for string.h
configure:6836: gcc -c -g -O2  conftest.c >&5
configure:6836: $? = 0
configure:6836: result: yes
configure:6836: checking for memory.h
configure:6836: gcc -c -g -O2  conftest.c >&5
configure:6836: $? = 0
configure:6836: result: yes
configure:6836: checking for strings.h
configure:6836: gcc -c -g -O2  conftest.c >&5
configure:6836: $? = 0
configure:6836: result: yes
configure:6836: checking for inttypes.h
configure:6836: gcc -c -g -O2  conftest.c >&5
configure:6836: $? = 0
configure:6836: result: yes
configure:6836: checking for stdint.h
configure:6836: gcc -c -g -O2  conftest.c >&5
configure:6836: $? = 0
configure:6836: result: yes
configure:6836: checking for unistd.h
configure:6836: gcc -c -g -O2  conftest.c >&5
configure:6836: $? = 0
configure:6836: result: yes
configure:6851: checking for dlfcn.h
configure:6851: gcc -c -g -O2  conftest.c >&5
configure:6851: $? = 0
configure:6851: result: yes
configure:7035: checking for objdir
configure:7050: result: .libs
configure:7342: checking if gcc supports -fno-rtti -fno-exceptions
configure:7360: gcc -c -g -O2  -fno-rtti -fno-exceptions conftest.c >&5
cc1: warning: command line option '-fno-rtti' is valid for C++/ObjC++ but not for C [enabled by default]
configure:7364: $? = 0
configure:7377: result: no
configure:7397: checking for gcc option to produce PIC
configure:7669: result: -fPIC -DPIC
configure:7681: checking if gcc PIC flag -fPIC -DPIC works
configure:7699: gcc -c -g -O2  -fPIC -DPIC -DPIC conftest.c >&5
configure:7703: $? = 0
configure:7716: result: yes
configure:7740: checking if gcc static flag -static works
configure:7768: result: yes
configure:7783: checking if gcc supports -c -o file.o
configure:7804: gcc -c -g -O2  -o out/conftest2.o conftest.c >&5
configure:7808: $? = 0
configure:7830: result: yes
configure:7838: checking if gcc supports -c -o file.o
configure:7885: result: yes
configure:7918: checking whether the gcc linker (/usr/bin/ld) supports shared libraries
configure:8908: result: yes
configure:8945: checking whether -lc should be explicitly linked in
configure:8950: gcc -c -g -O2  conftest.c >&5
configure:8953: $? = 0
configure:8968: gcc -shared conftest.o  -v -Wl,-soname -Wl,conftest -o conftest 2\>\&1 \| /bin/grep  -lc  \>/dev/null 2\>\&1
configure:8971: $? = 0
configure:8983: result: no
configure:9147: checking dynamic linker characteristics
configure:9580: gcc -o conftest -g -O2   -Wl,-rpath -Wl,/foo conftest.c  >&5
configure:9580: $? = 0
configure:9810: result: GNU/Linux ld.so
configure:9912: checking how to hardcode library paths into programs
configure:9937: result: immediate
configure:10457: checking whether stripping libraries is possible
configure:10462: result: yes
configure:10497: checking if libtool supports shared libraries
configure:10499: result: yes
configure:10502: checking whether to build shared libraries
configure:10523: result: yes
configure:10526: checking whether to build static libraries
configure:10530: result: yes
configure:10567: checking for ANSI C header files
configure:10671: result: yes
configure:10750: checking for floor in -lm
configure:10775: gcc -o conftest -g -O2   conftest.c -lm   >&5
conftest.c:32:6: warning: conflicting types for built-in function 'floor' [enabled by default]
configure:10775: $? = 0
configure:10784: result: yes
configure:10798: checking for floor
configure:10798: gcc -o conftest -g -O2   conftest.c -lm  >&5
conftest.c:49:6: warning: conflicting types for built-in function 'floor' [enabled by default]
configure:10798: $? = 0
configure:10798: result: yes
configure:10798: checking for ceil
configure:10798: gcc -o conftest -g -O2   conftest.c -lm  >&5
conftest.c:50:6: warning: conflicting types for built-in function 'ceil' [enabled by default]
configure:10798: $? = 0
configure:10798: result: yes
configure:10798: checking for fmod
configure:10798: gcc -o conftest -g -O2   conftest.c -lm  >&5
conftest.c:51:6: warning: conflicting types for built-in function 'fmod' [enabled by default]
configure:10798: $? = 0
configure:10798: result: yes
configure:10809: checking for lrint
configure:10835: gcc -o conftest -lm   conftest.c -lm  >&5
configure:10835: $? = 0
configure:10847: result: yes
configure:10856: checking for lrintf
configure:10882: gcc -o conftest -lm   conftest.c -lm  >&5
configure:10882: $? = 0
configure:10894: result: yes
configure:10968: checking for pkg-config
configure:10986: found /usr/bin/pkg-config
configure:10998: result: /usr/bin/pkg-config
configure:11023: checking pkg-config is at least version 0.9.0
configure:11026: result: yes
configure:11037: checking for SNDFILE
configure:11045: $PKG_CONFIG --exists --print-errors "sndfile >= 1.0.19"
configure:11048: $? = 0
configure:11063: $PKG_CONFIG --exists --print-errors "sndfile >= 1.0.19"
configure:11066: $? = 0
configure:11102: result: yes
configure:11127: checking for FFTW3
configure:11135: $PKG_CONFIG --exists --print-errors "fftw3 >= 0.15.0"
Package fftw3 was not found in the pkg-config search path.
Perhaps you should add the directory containing `fftw3.pc'
to the PKG_CONFIG_PATH environment variable
No package 'fftw3' found
configure:11138: $? = 1
configure:11153: $PKG_CONFIG --exists --print-errors "fftw3 >= 0.15.0"
Package fftw3 was not found in the pkg-config search path.
Perhaps you should add the directory containing `fftw3.pc'
to the PKG_CONFIG_PATH environment variable
No package 'fftw3' found
configure:11156: $? = 1
No package 'fftw3' found
configure:11184: result: no
configure:11218: checking for CAIRO
configure:11226: $PKG_CONFIG --exists --print-errors "cairo >= 1.4.0"
configure:11229: $? = 0
configure:11244: $PKG_CONFIG --exists --print-errors "cairo >= 1.4.0"
configure:11247: $? = 0
configure:11283: result: yes
configure:11309: checking for jack >= 0.100 
configure:11317: $PKG_CONFIG --exists --print-errors "jack >= 0.100"
Package jack was not found in the pkg-config search path.
Perhaps you should add the directory containing `jack.pc'
to the PKG_CONFIG_PATH environment variable
No package 'jack' found
configure:11320: $? = 1
configure:11335: $PKG_CONFIG --exists --print-errors "jack >= 0.100"
Package jack was not found in the pkg-config search path.
Perhaps you should add the directory containing `jack.pc'
to the PKG_CONFIG_PATH environment variable
No package 'jack' found
configure:11338: $? = 1
No package 'jack' found
configure:11366: result: no
configure:11558: creating ./config.status

## ---------------------- ##
## Running config.status. ##
## ---------------------- ##

This file was extended by sndfile-tools config.status 1.03, which was
generated by GNU Autoconf 2.64.  Invocation command line was

  CONFIG_FILES    = 
  CONFIG_HEADERS  = 
  CONFIG_LINKS    = 
  CONFIG_COMMANDS = 
  $ ./config.status 

on cs293

config.status:1091: creating Makefile
config.status:1091: creating src/config.h
config.status:1263: src/config.h is unchanged
config.status:1311: executing depfiles commands
config.status:1311: executing libtool commands
configure:13765: result:
-=-=-=-=-=-=-=-=-=-= Configuration Complete =-=-=-=-=-=-=-=-=-=-=-

  Configuration summary :

    Version ....................... 1.03
configure:13773: result:     Enable debugging .............. no

configure:13791: result:
  Extra tools required for testing and examples :

    Found SNDFILE ................. yes
    Found FFTW .................... no
    Found CAIRO ................... yes
    Found JACK .................... no

configure:13802: result: **** Error : You will need to install the missing libaries. ****

## ---------------- ##
## Cache variables. ##
## ---------------- ##

ac_cv_build=i686-pc-linux-gnu
ac_cv_c99_lrint=yes
ac_cv_c99_lrintf=yes
ac_cv_c_compiler_gnu=yes
ac_cv_cairo=yes
ac_cv_env_CAIRO_CFLAGS_set=
ac_cv_env_CAIRO_CFLAGS_value=
ac_cv_env_CAIRO_LIBS_set=
ac_cv_env_CAIRO_LIBS_value=
ac_cv_env_CC_set=
ac_cv_env_CC_value=
ac_cv_env_CFLAGS_set=
ac_cv_env_CFLAGS_value=
ac_cv_env_CPPFLAGS_set=
ac_cv_env_CPPFLAGS_value=
ac_cv_env_CPP_set=
ac_cv_env_CPP_value=
ac_cv_env_FFTW3_CFLAGS_set=
ac_cv_env_FFTW3_CFLAGS_value=
ac_cv_env_FFTW3_LIBS_set=
ac_cv_env_FFTW3_LIBS_value=
ac_cv_env_JACK_CFLAGS_set=
ac_cv_env_JACK_CFLAGS_value=
ac_cv_env_JACK_LIBS_set=
ac_cv_env_JACK_LIBS_value=
ac_cv_env_LDFLAGS_set=
ac_cv_env_LDFLAGS_value=
ac_cv_env_LIBS_set=
ac_cv_env_LIBS_value=
ac_cv_env_PKG_CONFIG_set=
ac_cv_env_PKG_CONFIG_value=
ac_cv_env_SNDFILE_CFLAGS_set=
ac_cv_env_SNDFILE_CFLAGS_value=
ac_cv_env_SNDFILE_LIBS_set=
ac_cv_env_SNDFILE_LIBS_value=
ac_cv_env_build_alias_set=
ac_cv_env_build_alias_value=
ac_cv_env_host_alias_set=
ac_cv_env_host_alias_value=
ac_cv_env_target_alias_set=
ac_cv_env_target_alias_value=
ac_cv_fftw3=no
ac_cv_func_ceil=yes
ac_cv_func_floor=yes
ac_cv_func_fmod=yes
ac_cv_header_dlfcn_h=yes
ac_cv_header_inttypes_h=yes
ac_cv_header_memory_h=yes
ac_cv_header_stdc=yes
ac_cv_header_stdint_h=yes
ac_cv_header_stdlib_h=yes
ac_cv_header_string_h=yes
ac_cv_header_strings_h=yes
ac_cv_header_sys_stat_h=yes
ac_cv_header_sys_types_h=yes
ac_cv_header_unistd_h=yes
ac_cv_host=i686-pc-linux-gnu
ac_cv_jack=no
ac_cv_lib_m_floor=yes
ac_cv_objext=o
ac_cv_path_EGREP='/bin/grep -E'
ac_cv_path_FGREP='/bin/grep -F'
ac_cv_path_GREP=/bin/grep
ac_cv_path_SED=/bin/sed
ac_cv_path_ac_pt_PKG_CONFIG=/usr/bin/pkg-config
ac_cv_path_install='/usr/bin/install -c'
ac_cv_path_mkdir=/bin/mkdir
ac_cv_prog_AWK=gawk
ac_cv_prog_CPP='gcc -E'
ac_cv_prog_ac_ct_AR=ar
ac_cv_prog_ac_ct_CC=gcc
ac_cv_prog_ac_ct_OBJDUMP=objdump
ac_cv_prog_ac_ct_RANLIB=ranlib
ac_cv_prog_ac_ct_STRIP=strip
ac_cv_prog_cc_c89=
ac_cv_prog_cc_g=yes
ac_cv_prog_cc_gcc_c_o=yes
ac_cv_prog_make_make_set=yes
ac_cv_sndfile=yes
ac_cv_target=i686-pc-linux-gnu
am_cv_CC_dependencies_compiler_type=gcc3
lt_cv_deplibs_check_method=pass_all
lt_cv_file_magic_cmd='$MAGIC_CMD'
lt_cv_file_magic_test_file=
lt_cv_ld_reload_flag=-r
lt_cv_nm_interface='BSD nm'
lt_cv_objdir=.libs
lt_cv_path_LD=/usr/bin/ld
lt_cv_path_NM='/usr/bin/nm -B'
lt_cv_prog_compiler_c_o=yes
lt_cv_prog_compiler_pic_works=yes
lt_cv_prog_compiler_rtti_exceptions=no
lt_cv_prog_compiler_static_works=yes
lt_cv_prog_gnu_ld=yes
lt_cv_sys_global_symbol_pipe='sed -n -e '\''s/^.*[	 ]\([ABCDGIRSTW][ABCDGIRSTW]*\)[	 ][	 ]*\([_A-Za-z][_A-Za-z0-9]*\)$/\1 \2 \2/p'\'''
lt_cv_sys_global_symbol_to_c_name_address='sed -n -e '\''s/^: \([^ ]*\) $/  {\"\1\", (void *) 0},/p'\'' -e '\''s/^[ABCDGIRSTW]* \([^ ]*\) \([^ ]*\)$/  {"\2", (void *) \&\2},/p'\'''
lt_cv_sys_global_symbol_to_c_name_address_lib_prefix='sed -n -e '\''s/^: \([^ ]*\) $/  {\"\1\", (void *) 0},/p'\'' -e '\''s/^[ABCDGIRSTW]* \([^ ]*\) \(lib[^ ]*\)$/  {"\2", (void *) \&\2},/p'\'' -e '\''s/^[ABCDGIRSTW]* \([^ ]*\) \([^ ]*\)$/  {"lib\2", (void *) \&\2},/p'\'''
lt_cv_sys_global_symbol_to_cdecl='sed -n -e '\''s/^T .* \(.*\)$/extern int \1();/p'\'' -e '\''s/^[ABCDGIRSTW]* .* \(.*\)$/extern char \1;/p'\'''
lt_cv_sys_max_cmd_len=1572864
pkg_cv_CAIRO_CFLAGS='-D_REENTRANT -I/usr/include/cairo -I/usr/include/pixman-1 -I/usr/include/freetype2 -I/usr/include/directfb -I/usr/include/libpng12  '
pkg_cv_CAIRO_LIBS='-lcairo  '
pkg_cv_SNDFILE_CFLAGS='-I/usr/local/include  '
pkg_cv_SNDFILE_LIBS='-L/usr/local/lib -lsndfile  '

## ----------------- ##
## Output variables. ##
## ----------------- ##

ACLOCAL='${SHELL} /users/ug11/tanmayr/Project/sndfile-tools-1.03/Cfg/missing --run aclocal-1.11'
ACLOCAL_AMFLAGS='-I M4'
AMDEPBACKSLASH='\'
AMDEP_FALSE='#'
AMDEP_TRUE=''
AMTAR='${SHELL} /users/ug11/tanmayr/Project/sndfile-tools-1.03/Cfg/missing --run tar'
AR='ar'
AUTOCONF='${SHELL} /users/ug11/tanmayr/Project/sndfile-tools-1.03/Cfg/missing --run autoconf'
AUTOHEADER='${SHELL} /users/ug11/tanmayr/Project/sndfile-tools-1.03/Cfg/missing --run autoheader'
AUTOMAKE='${SHELL} /users/ug11/tanmayr/Project/sndfile-tools-1.03/Cfg/missing --run automake-1.11'
AWK='gawk'
CAIRO_CFLAGS='-D_REENTRANT -I/usr/include/cairo -I/usr/include/pixman-1 -I/usr/include/freetype2 -I/usr/include/directfb -I/usr/include/libpng12  '
CAIRO_LIBS='-lcairo  '
CC='gcc'
CCDEPMODE='depmode=gcc3'
CFLAGS='-g -O2 -std=gnu99 -Wall -Wextra -Wstrict-prototypes -Wmissing-prototypes -Waggregate-return -Wcast-align -Wcast-qual -Wnested-externs -Wshadow -Wpointer-arith'
COMPILER_IS_GCC=''
CPP='gcc -E'
CPPFLAGS=''
CYGPATH_W='echo'
DEFS='-DHAVE_CONFIG_H'
DEPDIR='.deps'
DSYMUTIL=''
DUMPBIN=''
ECHO_C=''
ECHO_N='-n'
ECHO_T=''
EGREP='/bin/grep -E'
ENABLE_DEBUG=''
EXEEXT=''
FFTW3_CFLAGS=''
FFTW3_LIBS=''
FGREP='/bin/grep -F'
GCC_MAJOR_VERSION='4'
GREP='/bin/grep'
HAVE_CAIRO='1'
HAVE_FFTW3='0'
HAVE_JACK='0'
HAVE_SNDFILE='1'
INSTALL_DATA='${INSTALL} -m 644'
INSTALL_PROGRAM='${INSTALL}'
INSTALL_SCRIPT='${INSTALL}'
INSTALL_STRIP_PROGRAM='$(install_sh) -c -s'
JACK_CFLAGS=''
JACK_LIBS=''
LD='/usr/bin/ld'
LDFLAGS=''
LIBOBJS=''
LIBS='-lm '
LIBTOOL='$(SHELL) $(top_builddir)/libtool'
LIPO=''
LN_S='ln -s'
LTLIBOBJS=''
MAKEINFO='${SHELL} /users/ug11/tanmayr/Project/sndfile-tools-1.03/Cfg/missing --run makeinfo'
MKDIR_P='/bin/mkdir -p'
NM='/usr/bin/nm -B'
NMEDIT=''
OBJDUMP='objdump'
OBJEXT='o'
OTOOL64=''
OTOOL=''
PACKAGE='sndfile-tools'
PACKAGE_BUGREPORT='erikd@mega-nerd.com'
PACKAGE_NAME='sndfile-tools'
PACKAGE_STRING='sndfile-tools 1.03'
PACKAGE_TARNAME='sndfile-tools'
PACKAGE_URL=''
PACKAGE_VERSION='1.03'
PATH_SEPARATOR=':'
PKG_CONFIG='/usr/bin/pkg-config'
RANLIB='ranlib'
SED='/bin/sed'
SET_MAKE=''
SHELL='/bin/bash'
SNDFILE_CFLAGS='-I/usr/local/include  '
SNDFILE_LIBS='-L/usr/local/lib -lsndfile  '
STRIP='strip'
VERSION='1.03'
ac_ct_CC='gcc'
ac_ct_DUMPBIN=''
am__EXEEXT_FALSE=''
am__EXEEXT_TRUE='#'
am__fastdepCC_FALSE='#'
am__fastdepCC_TRUE=''
am__include='include'
am__isrc=''
am__leading_dot='.'
am__quote=''
am__tar='${AMTAR} chof - "$$tardir"'
am__untar='${AMTAR} xf -'
bindir='${exec_prefix}/bin'
build='i686-pc-linux-gnu'
build_alias=''
build_cpu='i686'
build_os='linux-gnu'
build_vendor='pc'
datadir='${datarootdir}'
datarootdir='${prefix}/share'
docdir='${datarootdir}/doc/${PACKAGE_TARNAME}'
dvidir='${docdir}'
exec_prefix='${prefix}'
host='i686-pc-linux-gnu'
host_alias=''
host_cpu='i686'
host_os='linux-gnu'
host_vendor='pc'
htmldir='${docdir}'
includedir='${prefix}/include'
infodir='${datarootdir}/info'
install_sh='${SHELL} /users/ug11/tanmayr/Project/sndfile-tools-1.03/Cfg/install-sh'
libdir='${exec_prefix}/lib'
libexecdir='${exec_prefix}/libexec'
localedir='${datarootdir}/locale'
localstatedir='${prefix}/var'
lt_ECHO='echo'
mandir='${datarootdir}/man'
mkdir_p='/bin/mkdir -p'
oldincludedir='/usr/include'
pdfdir='${docdir}'
prefix='/usr/local'
program_transform_name='s,x,x,'
psdir='${docdir}'
sbindir='${exec_prefix}/sbin'
sharedstatedir='${prefix}/com'
sysconfdir='${prefix}/etc'
target='i686-pc-linux-gnu'
target_alias=''
target_cpu='i686'
target_os='linux-gnu'
target_vendor='pc'

## ----------- ##
## confdefs.h. ##
## ----------- ##

/* confdefs.h */
#define PACKAGE_NAME "sndfile-tools"
#define PACKAGE_TARNAME "sndfile-tools"
#define PACKAGE_VERSION "1.03"
#define PACKAGE_STRING "sndfile-tools 1.03"
#define PACKAGE_BUGREPORT "erikd@mega-nerd.com"
#define PACKAGE_URL ""
#define PACKAGE "sndfile-tools"
#define VERSION "1.03"
#define STDC_HEADERS 1
#define HAVE_SYS_TYPES_H 1
#define HAVE_SYS_STAT_H 1
#define HAVE_STDLIB_H 1
#define HAVE_STRING_H 1
#define HAVE_MEMORY_H 1
#define HAVE_STRINGS_H 1
#define HAVE_INTTYPES_H 1
#define HAVE_STDINT_H 1
#define HAVE_UNISTD_H 1
#define HAVE_DLFCN_H 1
#define LT_OBJDIR ".libs/"
#define STDC_HEADERS 1
#define ENABLE_DEBUG 0
#define HAVE_LIBM 1
#define HAVE_FLOOR 1
#define HAVE_CEIL 1
#define HAVE_FMOD 1
#define HAVE_LRINT 1
#define HAVE_LRINTF 1
#define HAVE_SNDFILE 1
#define HAVE_FFTW3 0
#define HAVE_CAIRO 1
#define HAVE_JACK 0
#define COMPILER_IS_GCC 1
#define GCC_MAJOR_VERSION 4

configure: exit 1
